  stdafx.cpp
  4_1-2.cpp
  4_3.cpp
  Ausdruck.cpp
  IntMenge.cpp
  Kapitel 1.cpp
c:\users\marti\source\repos\dercpp-programmierer\consoleapplication1\consoleapplication1\kapitel 1.cpp(474): warning C4244: "=": Konvertierung von "double" in "int", möglicher Datenverlust
  Kapitel 2.cpp
c:\users\marti\source\repos\dercpp-programmierer\consoleapplication1\consoleapplication1\kapitel 2.cpp(69): warning C4267: "Initialisierung": Konvertierung von "size_t" nach "unsigned int", Datenverlust möglich
  Rational.cpp
  Taschenrechner.cpp
  Taschenrechner2_0.cpp
  binINOUT.cpp
c:\users\marti\source\repos\dercpp-programmierer\consoleapplication1\consoleapplication1\bininout.cpp(16): warning C4244: "*=": Konvertierung von "double" in "unsigned int", möglicher Datenverlust
  faktor.cpp
  main.cpp
  main4.cpp
c:\users\marti\source\repos\dercpp-programmierer\consoleapplication1\consoleapplication1\main4.cpp(47): warning C4244: "Argument": Konvertierung von "time_t" in "unsigned int", möglicher Datenverlust
c:\users\marti\source\repos\dercpp-programmierer\consoleapplication1\consoleapplication1\main4.cpp(71): warning C4244: "=": Konvertierung von "double" in "float", möglicher Datenverlust
c:\users\marti\source\repos\dercpp-programmierer\consoleapplication1\consoleapplication1\main4.cpp(72): warning C4244: "=": Konvertierung von "double" in "float", möglicher Datenverlust
c:\users\marti\source\repos\dercpp-programmierer\consoleapplication1\consoleapplication1\main4.cpp(199): warning C4326: Der Rückgabetyp von "main" sollte "int" und nicht "void" sein
  person.cpp
  personalverwaltung.cpp
  summand.cpp
  zahl.cpp
  Code wird generiert...
c:\users\marti\source\repos\dercpp-programmierer\consoleapplication1\consoleapplication1\kapitel 2.cpp(47): warning C4717: "fakultaet": Rekursiv für alle Steuerelementpfade. Die Funktion verursacht einen Stapelüberlauf zur Laufzeit.
  ConsoleApplication1.vcxproj -> C:\Users\marti\Source\Repos\DerCPP-Programmierer\ConsoleApplication1\x64\Debug\ConsoleApplication1.exe
